<?xml version="1.0" encoding="UTF-8"?>
<!-- Generated by org.testng.reporters.JUnitReportReporter -->
<testsuite hostname="DESKTOP-7O6QIK2" failures="0" tests="1" name="TestNGTestRunner.TestRunner" time="9.474" errors="0" timestamp="2022-06-01T17:51:54 IST" skipped="0">
  <testcase classname="TestNGTestRunner.TestRunner" name="runScenario" time="9.474"/>
  <system-out/>
</testsuite> <!-- TestNGTestRunner.TestRunner -->
