<?xml version="1.0" encoding="UTF-8"?>
<!-- Generated by org.testng.reporters.JUnitReportReporter -->
<testsuite hostname="DESKTOP-AK21M41" failures="0" tests="7" name="TestNGTestRunner.TestRunner" time="18.301" errors="0" timestamp="2022-05-27T11:34:25 IST" skipped="0">
  <testcase classname="TestNGTestRunner.TestRunner" name="runScenario" time="0.206"/>
  <system-out/>
  <testcase classname="TestNGTestRunner.TestRunner" name="runScenario" time="0.015"/>
  <system-out/>
  <testcase classname="TestNGTestRunner.TestRunner" name="runScenario" time="0.014"/>
  <system-out/>
  <testcase classname="TestNGTestRunner.TestRunner" name="runScenario" time="0.010"/>
  <system-out/>
  <testcase classname="TestNGTestRunner.TestRunner" name="runScenario" time="18.035"/>
  <system-out/>
  <testcase classname="TestNGTestRunner.TestRunner" name="runScenario" time="0.010"/>
  <system-out/>
  <testcase classname="TestNGTestRunner.TestRunner" name="runScenario" time="0.011"/>
  <system-out/>
</testsuite> <!-- TestNGTestRunner.TestRunner -->
