<?xml version="1.0" encoding="UTF-8"?>
<!-- Generated by org.testng.reporters.JUnitReportReporter -->
<testsuite hostname="DESKTOP-7O6QIK2" failures="0" tests="2" name="TestNGTestRunner.TestRunner" time="20.271" errors="0" timestamp="2022-05-28T11:00:44 IST" skipped="0">
  <testcase classname="TestNGTestRunner.TestRunner" name="runScenario" time="11.809"/>
  <system-out/>
  <testcase classname="TestNGTestRunner.TestRunner" name="runScenario" time="8.462"/>
  <system-out/>
</testsuite> <!-- TestNGTestRunner.TestRunner -->
